


ARM Macro Assembler    Page 1 


    1 00000000         ;/*!
    2 00000000         ;    \file    startup_gd32c10x.s
    3 00000000         ;    \brief   start up file
    4 00000000         ;
    5 00000000         ;    \version 2020-12-31, V1.0.0, firmware for GD32C10x
    6 00000000         ;*/
    7 00000000         ;
    8 00000000         ;/*
    9 00000000         ;    Copyright (c) 2020, GigaDevice Semiconductor Inc.
   10 00000000         ;
   11 00000000         ;
   12 00000000         ;    Redistribution and use in source and binary forms, 
                       with or without modification, 
   13 00000000         ;are permitted provided that the following conditions ar
                       e met:
   14 00000000         ;
   15 00000000         ;    1. Redistributions of source code must retain the a
                       bove copyright notice, this 
   16 00000000         ;       list of conditions and the following disclaimer.
                       
   17 00000000         ;    2. Redistributions in binary form must reproduce th
                       e above copyright notice, 
   18 00000000         ;       this list of conditions and the following discla
                       imer in the documentation 
   19 00000000         ;       and/or other materials provided with the distrib
                       ution.
   20 00000000         ;    3. Neither the name of the copyright holder nor the
                        names of its contributors 
   21 00000000         ;       may be used to endorse or promote products deriv
                       ed from this software without 
   22 00000000         ;       specific prior written permission.
   23 00000000         ;
   24 00000000         ;    THIS SOFTWARE IS PROVIDED BY THE COPYRIGHT HOLDERS 
                       AND CONTRIBUTORS "AS IS" 
   25 00000000         ;AND ANY EXPRESS OR IMPLIED WARRANTIES, INCLUDING, BUT N
                       OT LIMITED TO, THE IMPLIED 
   26 00000000         ;WARRANTIES OF MERCHANTABILITY AND FITNESS FOR A PARTICU
                       LAR PURPOSE ARE DISCLAIMED. 
   27 00000000         ;IN NO EVENT SHALL THE COPYRIGHT HOLDER OR CONTRIBUTORS 
                       BE LIABLE FOR ANY DIRECT, 
   28 00000000         ;INDIRECT, INCIDENTAL, SPECIAL, EXEMPLARY, OR CONSEQUENT
                       IAL DAMAGES (INCLUDING, BUT 
   29 00000000         ;NOT LIMITED TO, PROCUREMENT OF SUBSTITUTE GOODS OR SERV
                       ICES; LOSS OF USE, DATA, OR 
   30 00000000         ;PROFITS; OR BUSINESS INTERRUPTION) HOWEVER CAUSED AND O
                       N ANY THEORY OF LIABILITY, 
   31 00000000         ;WHETHER IN CONTRACT, STRICT LIABILITY, OR TORT (INCLUDI
                       NG NEGLIGENCE OR OTHERWISE) 
   32 00000000         ;ARISING IN ANY WAY OUT OF THE USE OF THIS SOFTWARE, EVE
                       N IF ADVISED OF THE POSSIBILITY 
   33 00000000         ;OF SUCH DAMAGE.
   34 00000000         ;*/
   35 00000000         
   36 00000000         ; <h> Stack Configuration
   37 00000000         ;   <o> Stack Size (in Bytes) <0x0-0xFFFFFFFF:8>
   38 00000000         ; </h>
   39 00000000         
   40 00000000 00000400 
                       Stack_Size



ARM Macro Assembler    Page 2 


                               EQU              0x00000400
   41 00000000         
   42 00000000                 AREA             STACK, NOINIT, READWRITE, ALIGN
=3
   43 00000000         Stack_Mem
                               SPACE            Stack_Size
   44 00000400         __initial_sp
   45 00000400         
   46 00000400         
   47 00000400         ; <h> Heap Configuration
   48 00000400         ;   <o>  Heap Size (in Bytes) <0x0-0xFFFFFFFF:8>
   49 00000400         ; </h>
   50 00000400         
   51 00000400 00000400 
                       Heap_Size
                               EQU              0x00000400
   52 00000400         
   53 00000400                 AREA             HEAP, NOINIT, READWRITE, ALIGN=
3
   54 00000000         __heap_base
   55 00000000         Heap_Mem
                               SPACE            Heap_Size
   56 00000400         __heap_limit
   57 00000400         
   58 00000400                 PRESERVE8
   59 00000400                 THUMB
   60 00000400         
   61 00000400         ;               /* reset Vector Mapped to at Address 0 *
                       /
   62 00000400                 AREA             RESET, DATA, READONLY
   63 00000000                 EXPORT           __Vectors
   64 00000000                 EXPORT           __Vectors_End
   65 00000000                 EXPORT           __Vectors_Size
   66 00000000         
   67 00000000 00000000 
                       __Vectors
                               DCD              __initial_sp ; Top of Stack
   68 00000004 00000000        DCD              Reset_Handler ; Reset Handler
   69 00000008 00000000        DCD              NMI_Handler ; NMI Handler
   70 0000000C 00000000        DCD              HardFault_Handler ; Hard Fault 
                                                            Handler
   71 00000010 00000000        DCD              MemManage_Handler 
                                                            ; MPU Fault Handler
                                                            
   72 00000014 00000000        DCD              BusFault_Handler 
                                                            ; Bus Fault Handler
                                                            
   73 00000018 00000000        DCD              UsageFault_Handler ; Usage Faul
                                                            t Handler
   74 0000001C 00000000        DCD              0           ; Reserved
   75 00000020 00000000        DCD              0           ; Reserved
   76 00000024 00000000        DCD              0           ; Reserved
   77 00000028 00000000        DCD              0           ; Reserved
   78 0000002C 00000000        DCD              SVC_Handler ; SVCall Handler
   79 00000030 00000000        DCD              DebugMon_Handler ; Debug Monito
                                                            r Handler
   80 00000034 00000000        DCD              0           ; Reserved
   81 00000038 00000000        DCD              PendSV_Handler ; PendSV Handler
                                                            



ARM Macro Assembler    Page 3 


   82 0000003C 00000000        DCD              SysTick_Handler 
                                                            ; SysTick Handler
   83 00000040         
   84 00000040         ;               /* external interrupts handler */
   85 00000040 00000000        DCD              WWDGT_IRQHandler ; 16:Window Wa
                                                            tchdog Timer
   86 00000044 00000000        DCD              LVD_IRQHandler ; 17:LVD through
                                                             EXTI Line detect
   87 00000048 00000000        DCD              TAMPER_IRQHandler ; 18:Tamper t
                                                            hrough EXTI Line de
                                                            tect
   88 0000004C 00000000        DCD              RTC_IRQHandler ; 19:RTC through
                                                             EXTI Line
   89 00000050 00000000        DCD              FMC_IRQHandler ; 20:FMC
   90 00000054 00000000        DCD              RCU_CTC_IRQHandler 
                                                            ; 21:RCU and CTC
   91 00000058 00000000        DCD              EXTI0_IRQHandler 
                                                            ; 22:EXTI Line 0
   92 0000005C 00000000        DCD              EXTI1_IRQHandler 
                                                            ; 23:EXTI Line 1
   93 00000060 00000000        DCD              EXTI2_IRQHandler 
                                                            ; 24:EXTI Line 2
   94 00000064 00000000        DCD              EXTI3_IRQHandler 
                                                            ; 25:EXTI Line 3
   95 00000068 00000000        DCD              EXTI4_IRQHandler 
                                                            ; 26:EXTI Line 4
   96 0000006C 00000000        DCD              DMA0_Channel0_IRQHandler 
                                                            ; 27:DMA0 Channel0
   97 00000070 00000000        DCD              DMA0_Channel1_IRQHandler 
                                                            ; 28:DMA0 Channel1
   98 00000074 00000000        DCD              DMA0_Channel2_IRQHandler 
                                                            ; 29:DMA0 Channel2
   99 00000078 00000000        DCD              DMA0_Channel3_IRQHandler 
                                                            ; 30:DMA0 Channel3
  100 0000007C 00000000        DCD              DMA0_Channel4_IRQHandler 
                                                            ; 31:DMA0 Channel4
  101 00000080 00000000        DCD              DMA0_Channel5_IRQHandler 
                                                            ; 32:DMA0 Channel5
  102 00000084 00000000        DCD              DMA0_Channel6_IRQHandler 
                                                            ; 33:DMA0 Channel6
  103 00000088 00000000        DCD              ADC0_1_IRQHandler 
                                                            ; 34:ADC0 and ADC1
  104 0000008C 00000000        DCD              CAN0_TX_IRQHandler ; 35:CAN0 TX
                                                            
  105 00000090 00000000        DCD              CAN0_RX0_IRQHandler 
                                                            ; 36:CAN0 RX0
  106 00000094 00000000        DCD              CAN0_RX1_IRQHandler 
                                                            ; 37:CAN0 RX1
  107 00000098 00000000        DCD              CAN0_EWMC_IRQHandler 
                                                            ; 38:CAN0 EWMC
  108 0000009C 00000000        DCD              EXTI5_9_IRQHandler 
                                                            ; 39:EXTI5 to EXTI9
                                                            
  109 000000A0 00000000        DCD              TIMER0_BRK_TIMER8_IRQHandler ; 
                                                            40:TIMER0 Break and
                                                             TIMER8
  110 000000A4 00000000        DCD              TIMER0_UP_TIMER9_IRQHandler ; 4
                                                            1:TIMER0 Update and
                                                             TIMER9



ARM Macro Assembler    Page 4 


  111 000000A8 00000000        DCD              TIMER0_TRG_CMT_TIMER10_IRQHandl
er 
                                                            ; 42:TIMER0 Trigger
                                                             and Commutation an
                                                            d TIMER10
  112 000000AC 00000000        DCD              TIMER0_Channel_IRQHandler ; 43:
                                                            TIMER0 Channel Capt
                                                            ure Compare
  113 000000B0 00000000        DCD              TIMER1_IRQHandler ; 44:TIMER1
  114 000000B4 00000000        DCD              TIMER2_IRQHandler ; 45:TIMER2
  115 000000B8 00000000        DCD              TIMER3_IRQHandler ; 46:TIMER3
  116 000000BC 00000000        DCD              I2C0_EV_IRQHandler 
                                                            ; 47:I2C0 Event
  117 000000C0 00000000        DCD              I2C0_ER_IRQHandler 
                                                            ; 48:I2C0 Error
  118 000000C4 00000000        DCD              I2C1_EV_IRQHandler 
                                                            ; 49:I2C1 Event
  119 000000C8 00000000        DCD              I2C1_ER_IRQHandler 
                                                            ; 50:I2C1 Error
  120 000000CC 00000000        DCD              SPI0_IRQHandler ; 51:SPI0
  121 000000D0 00000000        DCD              SPI1_IRQHandler ; 52:SPI1
  122 000000D4 00000000        DCD              USART0_IRQHandler ; 53:USART0
  123 000000D8 00000000        DCD              USART1_IRQHandler ; 54:USART1
  124 000000DC 00000000        DCD              USART2_IRQHandler ; 55:USART2
  125 000000E0 00000000        DCD              EXTI10_15_IRQHandler ; 56:EXTI1
                                                            0 to EXTI15
  126 000000E4 00000000        DCD              RTC_Alarm_IRQHandler 
                                                            ; 57:RTC Alarm
  127 000000E8 00000000        DCD              USBFS_WKUP_IRQHandler 
                                                            ; 58:USBFS Wakeup
  128 000000EC 00000000        DCD              TIMER7_BRK_TIMER11_IRQHandler ;
                                                             59:TIMER7 Break an
                                                            d TIMER11
  129 000000F0 00000000        DCD              TIMER7_UP_TIMER12_IRQHandler ; 
                                                            60:TIMER7 Update an
                                                            d TIMER12
  130 000000F4 00000000        DCD              TIMER7_TRG_CMT_TIMER13_IRQHandl
er 
                                                            ; 61:TIMER7 Trigger
                                                             and Commutation an
                                                            d TIMER13
  131 000000F8 00000000        DCD              TIMER7_Channel_IRQHandler ; 62:
                                                            TIMER7 Channel Capt
                                                            ure Compare
  132 000000FC 00000000        DCD              0           ; 63:Reserved
  133 00000100 00000000        DCD              EXMC_IRQHandler ; 64:EXMC
  134 00000104 00000000        DCD              0           ; 65:Reserved
  135 00000108 00000000        DCD              TIMER4_IRQHandler ; 66:TIMER4
  136 0000010C 00000000        DCD              SPI2_IRQHandler ; 67:SPI2
  137 00000110 00000000        DCD              UART3_IRQHandler ; 68:UART3
  138 00000114 00000000        DCD              UART4_IRQHandler ; 69:UART4
  139 00000118 00000000        DCD              TIMER5_IRQHandler ; 70:TIMER5 
  140 0000011C 00000000        DCD              TIMER6_IRQHandler ; 71:TIMER6
  141 00000120 00000000        DCD              DMA1_Channel0_IRQHandler 
                                                            ; 72:DMA1 Channel0
  142 00000124 00000000        DCD              DMA1_Channel1_IRQHandler 
                                                            ; 73:DMA1 Channel1
  143 00000128 00000000        DCD              DMA1_Channel2_IRQHandler 
                                                            ; 74:DMA1 Channel2



ARM Macro Assembler    Page 5 


  144 0000012C 00000000        DCD              DMA1_Channel3_IRQHandler 
                                                            ; 75:DMA1 Channel3
  145 00000130 00000000        DCD              DMA1_Channel4_IRQHandler 
                                                            ; 76:DMA1 Channel4
  146 00000134 00000000        DCD              0           ; 77:Reserved
  147 00000138 00000000        DCD              0           ; 78:Reserved
  148 0000013C 00000000        DCD              CAN1_TX_IRQHandler ; 79:CAN1 TX
                                                            
  149 00000140 00000000        DCD              CAN1_RX0_IRQHandler 
                                                            ; 80:CAN1 RX0
  150 00000144 00000000        DCD              CAN1_RX1_IRQHandler 
                                                            ; 81:CAN1 RX1
  151 00000148 00000000        DCD              CAN1_EWMC_IRQHandler 
                                                            ; 82:CAN1 EWMC
  152 0000014C 00000000        DCD              USBFS_IRQHandler ; 83:USBFS
  153 00000150         
  154 00000150         __Vectors_End
  155 00000150         
  156 00000150 00000150 
                       __Vectors_Size
                               EQU              __Vectors_End - __Vectors
  157 00000150         
  158 00000150                 AREA             |.text|, CODE, READONLY
  159 00000000         
  160 00000000         ;/* reset Handler */
  161 00000000         Reset_Handler
                               PROC
  162 00000000                 EXPORT           Reset_Handler                  
   [WEAK]
  163 00000000                 IMPORT           SystemInit
  164 00000000                 IMPORT           __main
  165 00000000 4809            LDR              R0, =SystemInit
  166 00000002 4780            BLX              R0
  167 00000004 4809            LDR              R0, =__main
  168 00000006 4700            BX               R0
  169 00000008                 ENDP
  170 00000008         
  171 00000008         ;/* dummy Exception Handlers */
  172 00000008         NMI_Handler
                               PROC
  173 00000008                 EXPORT           NMI_Handler                    
   [WEAK]
  174 00000008 E7FE            B                .
  175 0000000A                 ENDP
  177 0000000A         HardFault_Handler
                               PROC
  178 0000000A                 EXPORT           HardFault_Handler              
   [WEAK]
  179 0000000A E7FE            B                .
  180 0000000C                 ENDP
  182 0000000C         MemManage_Handler
                               PROC
  183 0000000C                 EXPORT           MemManage_Handler              
   [WEAK]
  184 0000000C E7FE            B                .
  185 0000000E                 ENDP
  187 0000000E         BusFault_Handler
                               PROC
  188 0000000E                 EXPORT           BusFault_Handler               



ARM Macro Assembler    Page 6 


   [WEAK]
  189 0000000E E7FE            B                .
  190 00000010                 ENDP
  192 00000010         UsageFault_Handler
                               PROC
  193 00000010                 EXPORT           UsageFault_Handler             
   [WEAK]
  194 00000010 E7FE            B                .
  195 00000012                 ENDP
  196 00000012         SVC_Handler
                               PROC
  197 00000012                 EXPORT           SVC_Handler                    
   [WEAK]
  198 00000012 E7FE            B                .
  199 00000014                 ENDP
  201 00000014         DebugMon_Handler
                               PROC
  202 00000014                 EXPORT           DebugMon_Handler               
   [WEAK]
  203 00000014 E7FE            B                .
  204 00000016                 ENDP
  206 00000016         PendSV_Handler
                               PROC
  207 00000016                 EXPORT           PendSV_Handler                 
   [WEAK]
  208 00000016 E7FE            B                .
  209 00000018                 ENDP
  211 00000018         SysTick_Handler
                               PROC
  212 00000018                 EXPORT           SysTick_Handler                
   [WEAK]
  213 00000018 E7FE            B                .
  214 0000001A                 ENDP
  215 0000001A         
  216 0000001A         Default_Handler
                               PROC
  217 0000001A         ;               /* external interrupts handler */
  218 0000001A                 EXPORT           WWDGT_IRQHandler               
   [WEAK]
  219 0000001A                 EXPORT           LVD_IRQHandler                 
   [WEAK]
  220 0000001A                 EXPORT           TAMPER_IRQHandler              
   [WEAK]
  221 0000001A                 EXPORT           RTC_IRQHandler                 
   [WEAK]
  222 0000001A                 EXPORT           FMC_IRQHandler                 
   [WEAK]
  223 0000001A                 EXPORT           RCU_CTC_IRQHandler             
   [WEAK]
  224 0000001A                 EXPORT           EXTI0_IRQHandler               
   [WEAK]
  225 0000001A                 EXPORT           EXTI1_IRQHandler               
   [WEAK]
  226 0000001A                 EXPORT           EXTI2_IRQHandler               
   [WEAK]
  227 0000001A                 EXPORT           EXTI3_IRQHandler               
   [WEAK]
  228 0000001A                 EXPORT           EXTI4_IRQHandler               
   [WEAK]



ARM Macro Assembler    Page 7 


  229 0000001A                 EXPORT           DMA0_Channel0_IRQHandler       
   [WEAK]
  230 0000001A                 EXPORT           DMA0_Channel1_IRQHandler       
   [WEAK]
  231 0000001A                 EXPORT           DMA0_Channel2_IRQHandler       
   [WEAK]
  232 0000001A                 EXPORT           DMA0_Channel3_IRQHandler       
   [WEAK]
  233 0000001A                 EXPORT           DMA0_Channel4_IRQHandler       
   [WEAK]
  234 0000001A                 EXPORT           DMA0_Channel5_IRQHandler       
   [WEAK]
  235 0000001A                 EXPORT           DMA0_Channel6_IRQHandler       
   [WEAK]
  236 0000001A                 EXPORT           ADC0_1_IRQHandler              
   [WEAK]
  237 0000001A                 EXPORT           CAN0_TX_IRQHandler             
   [WEAK]
  238 0000001A                 EXPORT           CAN0_RX0_IRQHandler            
   [WEAK]
  239 0000001A                 EXPORT           CAN0_RX1_IRQHandler            
   [WEAK]
  240 0000001A                 EXPORT           CAN0_EWMC_IRQHandler           
   [WEAK]
  241 0000001A                 EXPORT           EXTI5_9_IRQHandler             
   [WEAK]
  242 0000001A                 EXPORT           TIMER0_BRK_TIMER8_IRQHandler   
   [WEAK]
  243 0000001A                 EXPORT           TIMER0_UP_TIMER9_IRQHandler    
   [WEAK]
  244 0000001A                 EXPORT           TIMER0_TRG_CMT_TIMER10_IRQHandl
er [WEAK]
  245 0000001A                 EXPORT           TIMER0_Channel_IRQHandler      
   [WEAK]
  246 0000001A                 EXPORT           TIMER1_IRQHandler              
   [WEAK]
  247 0000001A                 EXPORT           TIMER2_IRQHandler              
   [WEAK]
  248 0000001A                 EXPORT           TIMER3_IRQHandler              
   [WEAK]
  249 0000001A                 EXPORT           I2C0_EV_IRQHandler             
   [WEAK]
  250 0000001A                 EXPORT           I2C0_ER_IRQHandler             
   [WEAK]
  251 0000001A                 EXPORT           I2C1_EV_IRQHandler             
   [WEAK]
  252 0000001A                 EXPORT           I2C1_ER_IRQHandler             
   [WEAK]
  253 0000001A                 EXPORT           SPI0_IRQHandler                
   [WEAK]
  254 0000001A                 EXPORT           SPI1_IRQHandler                
   [WEAK]
  255 0000001A                 EXPORT           USART0_IRQHandler              
   [WEAK]
  256 0000001A                 EXPORT           USART1_IRQHandler              
   [WEAK]
  257 0000001A                 EXPORT           USART2_IRQHandler              
   [WEAK]
  258 0000001A                 EXPORT           EXTI10_15_IRQHandler           



ARM Macro Assembler    Page 8 


   [WEAK]
  259 0000001A                 EXPORT           RTC_Alarm_IRQHandler           
   [WEAK]
  260 0000001A                 EXPORT           USBFS_WKUP_IRQHandler          
   [WEAK]
  261 0000001A                 EXPORT           TIMER7_BRK_TIMER11_IRQHandler  
   [WEAK]
  262 0000001A                 EXPORT           TIMER7_UP_TIMER12_IRQHandler   
   [WEAK]
  263 0000001A                 EXPORT           TIMER7_TRG_CMT_TIMER13_IRQHandl
er [WEAK]
  264 0000001A                 EXPORT           TIMER7_Channel_IRQHandler      
   [WEAK]
  265 0000001A                 EXPORT           EXMC_IRQHandler                
   [WEAK]
  266 0000001A                 EXPORT           TIMER4_IRQHandler              
   [WEAK]
  267 0000001A                 EXPORT           SPI2_IRQHandler                
   [WEAK]
  268 0000001A                 EXPORT           UART3_IRQHandler               
   [WEAK]
  269 0000001A                 EXPORT           UART4_IRQHandler               
   [WEAK]
  270 0000001A                 EXPORT           TIMER5_IRQHandler              
   [WEAK]
  271 0000001A                 EXPORT           TIMER6_IRQHandler              
   [WEAK]
  272 0000001A                 EXPORT           DMA1_Channel0_IRQHandler       
   [WEAK]
  273 0000001A                 EXPORT           DMA1_Channel1_IRQHandler       
   [WEAK]
  274 0000001A                 EXPORT           DMA1_Channel2_IRQHandler       
   [WEAK]
  275 0000001A                 EXPORT           DMA1_Channel3_IRQHandler       
   [WEAK]
  276 0000001A                 EXPORT           DMA1_Channel4_IRQHandler       
   [WEAK]
  277 0000001A                 EXPORT           CAN1_TX_IRQHandler             
   [WEAK]
  278 0000001A                 EXPORT           CAN1_RX0_IRQHandler            
   [WEAK]
  279 0000001A                 EXPORT           CAN1_RX1_IRQHandler            
   [WEAK]
  280 0000001A                 EXPORT           CAN1_EWMC_IRQHandler           
   [WEAK]
  281 0000001A                 EXPORT           USBFS_IRQHandler               
   [WEAK]
  282 0000001A         
  283 0000001A         ;/* external interrupts handler */
  284 0000001A         WWDGT_IRQHandler
  285 0000001A         LVD_IRQHandler
  286 0000001A         TAMPER_IRQHandler
  287 0000001A         RTC_IRQHandler
  288 0000001A         FMC_IRQHandler
  289 0000001A         RCU_CTC_IRQHandler
  290 0000001A         EXTI0_IRQHandler
  291 0000001A         EXTI1_IRQHandler
  292 0000001A         EXTI2_IRQHandler
  293 0000001A         EXTI3_IRQHandler



ARM Macro Assembler    Page 9 


  294 0000001A         EXTI4_IRQHandler
  295 0000001A         DMA0_Channel0_IRQHandler
  296 0000001A         DMA0_Channel1_IRQHandler
  297 0000001A         DMA0_Channel2_IRQHandler
  298 0000001A         DMA0_Channel3_IRQHandler
  299 0000001A         DMA0_Channel4_IRQHandler
  300 0000001A         DMA0_Channel5_IRQHandler
  301 0000001A         DMA0_Channel6_IRQHandler
  302 0000001A         ADC0_1_IRQHandler
  303 0000001A         CAN0_TX_IRQHandler
  304 0000001A         CAN0_RX0_IRQHandler
  305 0000001A         CAN0_RX1_IRQHandler
  306 0000001A         CAN0_EWMC_IRQHandler
  307 0000001A         EXTI5_9_IRQHandler
  308 0000001A         TIMER0_BRK_TIMER8_IRQHandler
  309 0000001A         TIMER0_UP_TIMER9_IRQHandler
  310 0000001A         TIMER0_TRG_CMT_TIMER10_IRQHandler
  311 0000001A         TIMER0_Channel_IRQHandler
  312 0000001A         TIMER1_IRQHandler
  313 0000001A         TIMER2_IRQHandler
  314 0000001A         TIMER3_IRQHandler
  315 0000001A         I2C0_EV_IRQHandler
  316 0000001A         I2C0_ER_IRQHandler
  317 0000001A         I2C1_EV_IRQHandler
  318 0000001A         I2C1_ER_IRQHandler
  319 0000001A         SPI0_IRQHandler
  320 0000001A         SPI1_IRQHandler
  321 0000001A         USART0_IRQHandler
  322 0000001A         USART1_IRQHandler
  323 0000001A         USART2_IRQHandler
  324 0000001A         EXTI10_15_IRQHandler
  325 0000001A         RTC_Alarm_IRQHandler
  326 0000001A         USBFS_WKUP_IRQHandler
  327 0000001A         TIMER7_BRK_TIMER11_IRQHandler
  328 0000001A         TIMER7_UP_TIMER12_IRQHandler
  329 0000001A         TIMER7_TRG_CMT_TIMER13_IRQHandler
  330 0000001A         TIMER7_Channel_IRQHandler
  331 0000001A         EXMC_IRQHandler
  332 0000001A         TIMER4_IRQHandler
  333 0000001A         SPI2_IRQHandler
  334 0000001A         UART3_IRQHandler
  335 0000001A         UART4_IRQHandler
  336 0000001A         TIMER5_IRQHandler
  337 0000001A         TIMER6_IRQHandler
  338 0000001A         DMA1_Channel0_IRQHandler
  339 0000001A         DMA1_Channel1_IRQHandler
  340 0000001A         DMA1_Channel2_IRQHandler
  341 0000001A         DMA1_Channel3_IRQHandler
  342 0000001A         DMA1_Channel4_IRQHandler
  343 0000001A         CAN1_TX_IRQHandler
  344 0000001A         CAN1_RX0_IRQHandler
  345 0000001A         CAN1_RX1_IRQHandler
  346 0000001A         CAN1_EWMC_IRQHandler
  347 0000001A         USBFS_IRQHandler
  348 0000001A         
  349 0000001A E7FE            B                .
  350 0000001C                 ENDP
  351 0000001C         
  352 0000001C                 ALIGN



ARM Macro Assembler    Page 10 


  353 0000001C         
  354 0000001C         ; user Initial Stack & Heap
  355 0000001C         
  356 0000001C                 IF               :DEF:__MICROLIB
  363 0000001C         
  364 0000001C                 IMPORT           __use_two_region_memory
  365 0000001C                 EXPORT           __user_initial_stackheap
  366 0000001C         
  367 0000001C         __user_initial_stackheap
                               PROC
  368 0000001C 4804            LDR              R0, =  Heap_Mem
  369 0000001E 4905            LDR              R1, =(Stack_Mem + Stack_Size)
  370 00000020 4A05            LDR              R2, = (Heap_Mem +  Heap_Size)
  371 00000022 4B06            LDR              R3, = Stack_Mem
  372 00000024 4770            BX               LR
  373 00000026                 ENDP
  374 00000026         
  375 00000026 00 00           ALIGN
  376 00000028         
  377 00000028                 ENDIF
  378 00000028         
  379 00000028                 END
              00000000 
              00000000 
              00000000 
              00000400 
              00000400 
              00000000 
Command Line: --debug --xref --diag_suppress=9931 --cpu=Cortex-M4.fp.sp --apcs=
interwork --depend=.\object\startup_gd32c10x.d -o.\object\startup_gd32c10x.o -I
.\RTE\_CAN_FD_1M -IC:\Users\siyuan\AppData\Local\Arm\Packs\GigaDevice\GD32C10x_
DFP\1.0.0\Device\Include -IC:\Keil_v5\ARM\CMSIS\Include --predefine="__UVISION_
VERSION SETA 530" --predefine="GD32C10x SETA 1" --predefine="_RTE_ SETA 1" --li
st=.\list\startup_gd32c10x.lst ..\..\Firmware\CMSIS\GD\GD32C10x\Source\ARM\star
tup_gd32c10x.s



ARM Macro Assembler    Page 1 Alphabetic symbol ordering
Relocatable symbols

STACK 00000000

Symbol: STACK
   Definitions
      At line 42 in file ..\..\Firmware\CMSIS\GD\GD32C10x\Source\ARM\startup_gd
32c10x.s
   Uses
      None
Comment: STACK unused
Stack_Mem 00000000

Symbol: Stack_Mem
   Definitions
      At line 43 in file ..\..\Firmware\CMSIS\GD\GD32C10x\Source\ARM\startup_gd
32c10x.s
   Uses
      At line 369 in file ..\..\Firmware\CMSIS\GD\GD32C10x\Source\ARM\startup_g
d32c10x.s
      At line 371 in file ..\..\Firmware\CMSIS\GD\GD32C10x\Source\ARM\startup_g
d32c10x.s

__initial_sp 00000400

Symbol: __initial_sp
   Definitions
      At line 44 in file ..\..\Firmware\CMSIS\GD\GD32C10x\Source\ARM\startup_gd
32c10x.s
   Uses
      At line 67 in file ..\..\Firmware\CMSIS\GD\GD32C10x\Source\ARM\startup_gd
32c10x.s
Comment: __initial_sp used once
3 symbols



ARM Macro Assembler    Page 1 Alphabetic symbol ordering
Relocatable symbols

HEAP 00000000

Symbol: HEAP
   Definitions
      At line 53 in file ..\..\Firmware\CMSIS\GD\GD32C10x\Source\ARM\startup_gd
32c10x.s
   Uses
      None
Comment: HEAP unused
Heap_Mem 00000000

Symbol: Heap_Mem
   Definitions
      At line 55 in file ..\..\Firmware\CMSIS\GD\GD32C10x\Source\ARM\startup_gd
32c10x.s
   Uses
      At line 368 in file ..\..\Firmware\CMSIS\GD\GD32C10x\Source\ARM\startup_g
d32c10x.s
      At line 370 in file ..\..\Firmware\CMSIS\GD\GD32C10x\Source\ARM\startup_g
d32c10x.s

__heap_base 00000000

Symbol: __heap_base
   Definitions
      At line 54 in file ..\..\Firmware\CMSIS\GD\GD32C10x\Source\ARM\startup_gd
32c10x.s
   Uses
      None
Comment: __heap_base unused
__heap_limit 00000400

Symbol: __heap_limit
   Definitions
      At line 56 in file ..\..\Firmware\CMSIS\GD\GD32C10x\Source\ARM\startup_gd
32c10x.s
   Uses
      None
Comment: __heap_limit unused
4 symbols



ARM Macro Assembler    Page 1 Alphabetic symbol ordering
Relocatable symbols

RESET 00000000

Symbol: RESET
   Definitions
      At line 62 in file ..\..\Firmware\CMSIS\GD\GD32C10x\Source\ARM\startup_gd
32c10x.s
   Uses
      None
Comment: RESET unused
__Vectors 00000000

Symbol: __Vectors
   Definitions
      At line 67 in file ..\..\Firmware\CMSIS\GD\GD32C10x\Source\ARM\startup_gd
32c10x.s
   Uses
      At line 63 in file ..\..\Firmware\CMSIS\GD\GD32C10x\Source\ARM\startup_gd
32c10x.s
      At line 156 in file ..\..\Firmware\CMSIS\GD\GD32C10x\Source\ARM\startup_g
d32c10x.s

__Vectors_End 00000150

Symbol: __Vectors_End
   Definitions
      At line 154 in file ..\..\Firmware\CMSIS\GD\GD32C10x\Source\ARM\startup_g
d32c10x.s
   Uses
      At line 64 in file ..\..\Firmware\CMSIS\GD\GD32C10x\Source\ARM\startup_gd
32c10x.s
      At line 156 in file ..\..\Firmware\CMSIS\GD\GD32C10x\Source\ARM\startup_g
d32c10x.s

3 symbols



ARM Macro Assembler    Page 1 Alphabetic symbol ordering
Relocatable symbols

.text 00000000

Symbol: .text
   Definitions
      At line 158 in file ..\..\Firmware\CMSIS\GD\GD32C10x\Source\ARM\startup_g
d32c10x.s
   Uses
      None
Comment: .text unused
ADC0_1_IRQHandler 0000001A

Symbol: ADC0_1_IRQHandler
   Definitions
      At line 302 in file ..\..\Firmware\CMSIS\GD\GD32C10x\Source\ARM\startup_g
d32c10x.s
   Uses
      At line 103 in file ..\..\Firmware\CMSIS\GD\GD32C10x\Source\ARM\startup_g
d32c10x.s
      At line 236 in file ..\..\Firmware\CMSIS\GD\GD32C10x\Source\ARM\startup_g
d32c10x.s

BusFault_Handler 0000000E

Symbol: BusFault_Handler
   Definitions
      At line 187 in file ..\..\Firmware\CMSIS\GD\GD32C10x\Source\ARM\startup_g
d32c10x.s
   Uses
      At line 72 in file ..\..\Firmware\CMSIS\GD\GD32C10x\Source\ARM\startup_gd
32c10x.s
      At line 188 in file ..\..\Firmware\CMSIS\GD\GD32C10x\Source\ARM\startup_g
d32c10x.s

CAN0_EWMC_IRQHandler 0000001A

Symbol: CAN0_EWMC_IRQHandler
   Definitions
      At line 306 in file ..\..\Firmware\CMSIS\GD\GD32C10x\Source\ARM\startup_g
d32c10x.s
   Uses
      At line 107 in file ..\..\Firmware\CMSIS\GD\GD32C10x\Source\ARM\startup_g
d32c10x.s
      At line 240 in file ..\..\Firmware\CMSIS\GD\GD32C10x\Source\ARM\startup_g
d32c10x.s

CAN0_RX0_IRQHandler 0000001A

Symbol: CAN0_RX0_IRQHandler
   Definitions
      At line 304 in file ..\..\Firmware\CMSIS\GD\GD32C10x\Source\ARM\startup_g
d32c10x.s
   Uses
      At line 105 in file ..\..\Firmware\CMSIS\GD\GD32C10x\Source\ARM\startup_g
d32c10x.s
      At line 238 in file ..\..\Firmware\CMSIS\GD\GD32C10x\Source\ARM\startup_g
d32c10x.s

CAN0_RX1_IRQHandler 0000001A




ARM Macro Assembler    Page 2 Alphabetic symbol ordering
Relocatable symbols

Symbol: CAN0_RX1_IRQHandler
   Definitions
      At line 305 in file ..\..\Firmware\CMSIS\GD\GD32C10x\Source\ARM\startup_g
d32c10x.s
   Uses
      At line 106 in file ..\..\Firmware\CMSIS\GD\GD32C10x\Source\ARM\startup_g
d32c10x.s
      At line 239 in file ..\..\Firmware\CMSIS\GD\GD32C10x\Source\ARM\startup_g
d32c10x.s

CAN0_TX_IRQHandler 0000001A

Symbol: CAN0_TX_IRQHandler
   Definitions
      At line 303 in file ..\..\Firmware\CMSIS\GD\GD32C10x\Source\ARM\startup_g
d32c10x.s
   Uses
      At line 104 in file ..\..\Firmware\CMSIS\GD\GD32C10x\Source\ARM\startup_g
d32c10x.s
      At line 237 in file ..\..\Firmware\CMSIS\GD\GD32C10x\Source\ARM\startup_g
d32c10x.s

CAN1_EWMC_IRQHandler 0000001A

Symbol: CAN1_EWMC_IRQHandler
   Definitions
      At line 346 in file ..\..\Firmware\CMSIS\GD\GD32C10x\Source\ARM\startup_g
d32c10x.s
   Uses
      At line 151 in file ..\..\Firmware\CMSIS\GD\GD32C10x\Source\ARM\startup_g
d32c10x.s
      At line 280 in file ..\..\Firmware\CMSIS\GD\GD32C10x\Source\ARM\startup_g
d32c10x.s

CAN1_RX0_IRQHandler 0000001A

Symbol: CAN1_RX0_IRQHandler
   Definitions
      At line 344 in file ..\..\Firmware\CMSIS\GD\GD32C10x\Source\ARM\startup_g
d32c10x.s
   Uses
      At line 149 in file ..\..\Firmware\CMSIS\GD\GD32C10x\Source\ARM\startup_g
d32c10x.s
      At line 278 in file ..\..\Firmware\CMSIS\GD\GD32C10x\Source\ARM\startup_g
d32c10x.s

CAN1_RX1_IRQHandler 0000001A

Symbol: CAN1_RX1_IRQHandler
   Definitions
      At line 345 in file ..\..\Firmware\CMSIS\GD\GD32C10x\Source\ARM\startup_g
d32c10x.s
   Uses
      At line 150 in file ..\..\Firmware\CMSIS\GD\GD32C10x\Source\ARM\startup_g
d32c10x.s
      At line 279 in file ..\..\Firmware\CMSIS\GD\GD32C10x\Source\ARM\startup_g
d32c10x.s

CAN1_TX_IRQHandler 0000001A



ARM Macro Assembler    Page 3 Alphabetic symbol ordering
Relocatable symbols


Symbol: CAN1_TX_IRQHandler
   Definitions
      At line 343 in file ..\..\Firmware\CMSIS\GD\GD32C10x\Source\ARM\startup_g
d32c10x.s
   Uses
      At line 148 in file ..\..\Firmware\CMSIS\GD\GD32C10x\Source\ARM\startup_g
d32c10x.s
      At line 277 in file ..\..\Firmware\CMSIS\GD\GD32C10x\Source\ARM\startup_g
d32c10x.s

DMA0_Channel0_IRQHandler 0000001A

Symbol: DMA0_Channel0_IRQHandler
   Definitions
      At line 295 in file ..\..\Firmware\CMSIS\GD\GD32C10x\Source\ARM\startup_g
d32c10x.s
   Uses
      At line 96 in file ..\..\Firmware\CMSIS\GD\GD32C10x\Source\ARM\startup_gd
32c10x.s
      At line 229 in file ..\..\Firmware\CMSIS\GD\GD32C10x\Source\ARM\startup_g
d32c10x.s

DMA0_Channel1_IRQHandler 0000001A

Symbol: DMA0_Channel1_IRQHandler
   Definitions
      At line 296 in file ..\..\Firmware\CMSIS\GD\GD32C10x\Source\ARM\startup_g
d32c10x.s
   Uses
      At line 97 in file ..\..\Firmware\CMSIS\GD\GD32C10x\Source\ARM\startup_gd
32c10x.s
      At line 230 in file ..\..\Firmware\CMSIS\GD\GD32C10x\Source\ARM\startup_g
d32c10x.s

DMA0_Channel2_IRQHandler 0000001A

Symbol: DMA0_Channel2_IRQHandler
   Definitions
      At line 297 in file ..\..\Firmware\CMSIS\GD\GD32C10x\Source\ARM\startup_g
d32c10x.s
   Uses
      At line 98 in file ..\..\Firmware\CMSIS\GD\GD32C10x\Source\ARM\startup_gd
32c10x.s
      At line 231 in file ..\..\Firmware\CMSIS\GD\GD32C10x\Source\ARM\startup_g
d32c10x.s

DMA0_Channel3_IRQHandler 0000001A

Symbol: DMA0_Channel3_IRQHandler
   Definitions
      At line 298 in file ..\..\Firmware\CMSIS\GD\GD32C10x\Source\ARM\startup_g
d32c10x.s
   Uses
      At line 99 in file ..\..\Firmware\CMSIS\GD\GD32C10x\Source\ARM\startup_gd
32c10x.s
      At line 232 in file ..\..\Firmware\CMSIS\GD\GD32C10x\Source\ARM\startup_g
d32c10x.s




ARM Macro Assembler    Page 4 Alphabetic symbol ordering
Relocatable symbols

DMA0_Channel4_IRQHandler 0000001A

Symbol: DMA0_Channel4_IRQHandler
   Definitions
      At line 299 in file ..\..\Firmware\CMSIS\GD\GD32C10x\Source\ARM\startup_g
d32c10x.s
   Uses
      At line 100 in file ..\..\Firmware\CMSIS\GD\GD32C10x\Source\ARM\startup_g
d32c10x.s
      At line 233 in file ..\..\Firmware\CMSIS\GD\GD32C10x\Source\ARM\startup_g
d32c10x.s

DMA0_Channel5_IRQHandler 0000001A

Symbol: DMA0_Channel5_IRQHandler
   Definitions
      At line 300 in file ..\..\Firmware\CMSIS\GD\GD32C10x\Source\ARM\startup_g
d32c10x.s
   Uses
      At line 101 in file ..\..\Firmware\CMSIS\GD\GD32C10x\Source\ARM\startup_g
d32c10x.s
      At line 234 in file ..\..\Firmware\CMSIS\GD\GD32C10x\Source\ARM\startup_g
d32c10x.s

DMA0_Channel6_IRQHandler 0000001A

Symbol: DMA0_Channel6_IRQHandler
   Definitions
      At line 301 in file ..\..\Firmware\CMSIS\GD\GD32C10x\Source\ARM\startup_g
d32c10x.s
   Uses
      At line 102 in file ..\..\Firmware\CMSIS\GD\GD32C10x\Source\ARM\startup_g
d32c10x.s
      At line 235 in file ..\..\Firmware\CMSIS\GD\GD32C10x\Source\ARM\startup_g
d32c10x.s

DMA1_Channel0_IRQHandler 0000001A

Symbol: DMA1_Channel0_IRQHandler
   Definitions
      At line 338 in file ..\..\Firmware\CMSIS\GD\GD32C10x\Source\ARM\startup_g
d32c10x.s
   Uses
      At line 141 in file ..\..\Firmware\CMSIS\GD\GD32C10x\Source\ARM\startup_g
d32c10x.s
      At line 272 in file ..\..\Firmware\CMSIS\GD\GD32C10x\Source\ARM\startup_g
d32c10x.s

DMA1_Channel1_IRQHandler 0000001A

Symbol: DMA1_Channel1_IRQHandler
   Definitions
      At line 339 in file ..\..\Firmware\CMSIS\GD\GD32C10x\Source\ARM\startup_g
d32c10x.s
   Uses
      At line 142 in file ..\..\Firmware\CMSIS\GD\GD32C10x\Source\ARM\startup_g
d32c10x.s
      At line 273 in file ..\..\Firmware\CMSIS\GD\GD32C10x\Source\ARM\startup_g
d32c10x.s



ARM Macro Assembler    Page 5 Alphabetic symbol ordering
Relocatable symbols


DMA1_Channel2_IRQHandler 0000001A

Symbol: DMA1_Channel2_IRQHandler
   Definitions
      At line 340 in file ..\..\Firmware\CMSIS\GD\GD32C10x\Source\ARM\startup_g
d32c10x.s
   Uses
      At line 143 in file ..\..\Firmware\CMSIS\GD\GD32C10x\Source\ARM\startup_g
d32c10x.s
      At line 274 in file ..\..\Firmware\CMSIS\GD\GD32C10x\Source\ARM\startup_g
d32c10x.s

DMA1_Channel3_IRQHandler 0000001A

Symbol: DMA1_Channel3_IRQHandler
   Definitions
      At line 341 in file ..\..\Firmware\CMSIS\GD\GD32C10x\Source\ARM\startup_g
d32c10x.s
   Uses
      At line 144 in file ..\..\Firmware\CMSIS\GD\GD32C10x\Source\ARM\startup_g
d32c10x.s
      At line 275 in file ..\..\Firmware\CMSIS\GD\GD32C10x\Source\ARM\startup_g
d32c10x.s

DMA1_Channel4_IRQHandler 0000001A

Symbol: DMA1_Channel4_IRQHandler
   Definitions
      At line 342 in file ..\..\Firmware\CMSIS\GD\GD32C10x\Source\ARM\startup_g
d32c10x.s
   Uses
      At line 145 in file ..\..\Firmware\CMSIS\GD\GD32C10x\Source\ARM\startup_g
d32c10x.s
      At line 276 in file ..\..\Firmware\CMSIS\GD\GD32C10x\Source\ARM\startup_g
d32c10x.s

DebugMon_Handler 00000014

Symbol: DebugMon_Handler
   Definitions
      At line 201 in file ..\..\Firmware\CMSIS\GD\GD32C10x\Source\ARM\startup_g
d32c10x.s
   Uses
      At line 79 in file ..\..\Firmware\CMSIS\GD\GD32C10x\Source\ARM\startup_gd
32c10x.s
      At line 202 in file ..\..\Firmware\CMSIS\GD\GD32C10x\Source\ARM\startup_g
d32c10x.s

Default_Handler 0000001A

Symbol: Default_Handler
   Definitions
      At line 216 in file ..\..\Firmware\CMSIS\GD\GD32C10x\Source\ARM\startup_g
d32c10x.s
   Uses
      None
Comment: Default_Handler unused
EXMC_IRQHandler 0000001A



ARM Macro Assembler    Page 6 Alphabetic symbol ordering
Relocatable symbols


Symbol: EXMC_IRQHandler
   Definitions
      At line 331 in file ..\..\Firmware\CMSIS\GD\GD32C10x\Source\ARM\startup_g
d32c10x.s
   Uses
      At line 133 in file ..\..\Firmware\CMSIS\GD\GD32C10x\Source\ARM\startup_g
d32c10x.s
      At line 265 in file ..\..\Firmware\CMSIS\GD\GD32C10x\Source\ARM\startup_g
d32c10x.s

EXTI0_IRQHandler 0000001A

Symbol: EXTI0_IRQHandler
   Definitions
      At line 290 in file ..\..\Firmware\CMSIS\GD\GD32C10x\Source\ARM\startup_g
d32c10x.s
   Uses
      At line 91 in file ..\..\Firmware\CMSIS\GD\GD32C10x\Source\ARM\startup_gd
32c10x.s
      At line 224 in file ..\..\Firmware\CMSIS\GD\GD32C10x\Source\ARM\startup_g
d32c10x.s

EXTI10_15_IRQHandler 0000001A

Symbol: EXTI10_15_IRQHandler
   Definitions
      At line 324 in file ..\..\Firmware\CMSIS\GD\GD32C10x\Source\ARM\startup_g
d32c10x.s
   Uses
      At line 125 in file ..\..\Firmware\CMSIS\GD\GD32C10x\Source\ARM\startup_g
d32c10x.s
      At line 258 in file ..\..\Firmware\CMSIS\GD\GD32C10x\Source\ARM\startup_g
d32c10x.s

EXTI1_IRQHandler 0000001A

Symbol: EXTI1_IRQHandler
   Definitions
      At line 291 in file ..\..\Firmware\CMSIS\GD\GD32C10x\Source\ARM\startup_g
d32c10x.s
   Uses
      At line 92 in file ..\..\Firmware\CMSIS\GD\GD32C10x\Source\ARM\startup_gd
32c10x.s
      At line 225 in file ..\..\Firmware\CMSIS\GD\GD32C10x\Source\ARM\startup_g
d32c10x.s

EXTI2_IRQHandler 0000001A

Symbol: EXTI2_IRQHandler
   Definitions
      At line 292 in file ..\..\Firmware\CMSIS\GD\GD32C10x\Source\ARM\startup_g
d32c10x.s
   Uses
      At line 93 in file ..\..\Firmware\CMSIS\GD\GD32C10x\Source\ARM\startup_gd
32c10x.s
      At line 226 in file ..\..\Firmware\CMSIS\GD\GD32C10x\Source\ARM\startup_g
d32c10x.s




ARM Macro Assembler    Page 7 Alphabetic symbol ordering
Relocatable symbols

EXTI3_IRQHandler 0000001A

Symbol: EXTI3_IRQHandler
   Definitions
      At line 293 in file ..\..\Firmware\CMSIS\GD\GD32C10x\Source\ARM\startup_g
d32c10x.s
   Uses
      At line 94 in file ..\..\Firmware\CMSIS\GD\GD32C10x\Source\ARM\startup_gd
32c10x.s
      At line 227 in file ..\..\Firmware\CMSIS\GD\GD32C10x\Source\ARM\startup_g
d32c10x.s

EXTI4_IRQHandler 0000001A

Symbol: EXTI4_IRQHandler
   Definitions
      At line 294 in file ..\..\Firmware\CMSIS\GD\GD32C10x\Source\ARM\startup_g
d32c10x.s
   Uses
      At line 95 in file ..\..\Firmware\CMSIS\GD\GD32C10x\Source\ARM\startup_gd
32c10x.s
      At line 228 in file ..\..\Firmware\CMSIS\GD\GD32C10x\Source\ARM\startup_g
d32c10x.s

EXTI5_9_IRQHandler 0000001A

Symbol: EXTI5_9_IRQHandler
   Definitions
      At line 307 in file ..\..\Firmware\CMSIS\GD\GD32C10x\Source\ARM\startup_g
d32c10x.s
   Uses
      At line 108 in file ..\..\Firmware\CMSIS\GD\GD32C10x\Source\ARM\startup_g
d32c10x.s
      At line 241 in file ..\..\Firmware\CMSIS\GD\GD32C10x\Source\ARM\startup_g
d32c10x.s

FMC_IRQHandler 0000001A

Symbol: FMC_IRQHandler
   Definitions
      At line 288 in file ..\..\Firmware\CMSIS\GD\GD32C10x\Source\ARM\startup_g
d32c10x.s
   Uses
      At line 89 in file ..\..\Firmware\CMSIS\GD\GD32C10x\Source\ARM\startup_gd
32c10x.s
      At line 222 in file ..\..\Firmware\CMSIS\GD\GD32C10x\Source\ARM\startup_g
d32c10x.s

HardFault_Handler 0000000A

Symbol: HardFault_Handler
   Definitions
      At line 177 in file ..\..\Firmware\CMSIS\GD\GD32C10x\Source\ARM\startup_g
d32c10x.s
   Uses
      At line 70 in file ..\..\Firmware\CMSIS\GD\GD32C10x\Source\ARM\startup_gd
32c10x.s
      At line 178 in file ..\..\Firmware\CMSIS\GD\GD32C10x\Source\ARM\startup_g
d32c10x.s



ARM Macro Assembler    Page 8 Alphabetic symbol ordering
Relocatable symbols


I2C0_ER_IRQHandler 0000001A

Symbol: I2C0_ER_IRQHandler
   Definitions
      At line 316 in file ..\..\Firmware\CMSIS\GD\GD32C10x\Source\ARM\startup_g
d32c10x.s
   Uses
      At line 117 in file ..\..\Firmware\CMSIS\GD\GD32C10x\Source\ARM\startup_g
d32c10x.s
      At line 250 in file ..\..\Firmware\CMSIS\GD\GD32C10x\Source\ARM\startup_g
d32c10x.s

I2C0_EV_IRQHandler 0000001A

Symbol: I2C0_EV_IRQHandler
   Definitions
      At line 315 in file ..\..\Firmware\CMSIS\GD\GD32C10x\Source\ARM\startup_g
d32c10x.s
   Uses
      At line 116 in file ..\..\Firmware\CMSIS\GD\GD32C10x\Source\ARM\startup_g
d32c10x.s
      At line 249 in file ..\..\Firmware\CMSIS\GD\GD32C10x\Source\ARM\startup_g
d32c10x.s

I2C1_ER_IRQHandler 0000001A

Symbol: I2C1_ER_IRQHandler
   Definitions
      At line 318 in file ..\..\Firmware\CMSIS\GD\GD32C10x\Source\ARM\startup_g
d32c10x.s
   Uses
      At line 119 in file ..\..\Firmware\CMSIS\GD\GD32C10x\Source\ARM\startup_g
d32c10x.s
      At line 252 in file ..\..\Firmware\CMSIS\GD\GD32C10x\Source\ARM\startup_g
d32c10x.s

I2C1_EV_IRQHandler 0000001A

Symbol: I2C1_EV_IRQHandler
   Definitions
      At line 317 in file ..\..\Firmware\CMSIS\GD\GD32C10x\Source\ARM\startup_g
d32c10x.s
   Uses
      At line 118 in file ..\..\Firmware\CMSIS\GD\GD32C10x\Source\ARM\startup_g
d32c10x.s
      At line 251 in file ..\..\Firmware\CMSIS\GD\GD32C10x\Source\ARM\startup_g
d32c10x.s

LVD_IRQHandler 0000001A

Symbol: LVD_IRQHandler
   Definitions
      At line 285 in file ..\..\Firmware\CMSIS\GD\GD32C10x\Source\ARM\startup_g
d32c10x.s
   Uses
      At line 86 in file ..\..\Firmware\CMSIS\GD\GD32C10x\Source\ARM\startup_gd
32c10x.s
      At line 219 in file ..\..\Firmware\CMSIS\GD\GD32C10x\Source\ARM\startup_g



ARM Macro Assembler    Page 9 Alphabetic symbol ordering
Relocatable symbols

d32c10x.s

MemManage_Handler 0000000C

Symbol: MemManage_Handler
   Definitions
      At line 182 in file ..\..\Firmware\CMSIS\GD\GD32C10x\Source\ARM\startup_g
d32c10x.s
   Uses
      At line 71 in file ..\..\Firmware\CMSIS\GD\GD32C10x\Source\ARM\startup_gd
32c10x.s
      At line 183 in file ..\..\Firmware\CMSIS\GD\GD32C10x\Source\ARM\startup_g
d32c10x.s

NMI_Handler 00000008

Symbol: NMI_Handler
   Definitions
      At line 172 in file ..\..\Firmware\CMSIS\GD\GD32C10x\Source\ARM\startup_g
d32c10x.s
   Uses
      At line 69 in file ..\..\Firmware\CMSIS\GD\GD32C10x\Source\ARM\startup_gd
32c10x.s
      At line 173 in file ..\..\Firmware\CMSIS\GD\GD32C10x\Source\ARM\startup_g
d32c10x.s

PendSV_Handler 00000016

Symbol: PendSV_Handler
   Definitions
      At line 206 in file ..\..\Firmware\CMSIS\GD\GD32C10x\Source\ARM\startup_g
d32c10x.s
   Uses
      At line 81 in file ..\..\Firmware\CMSIS\GD\GD32C10x\Source\ARM\startup_gd
32c10x.s
      At line 207 in file ..\..\Firmware\CMSIS\GD\GD32C10x\Source\ARM\startup_g
d32c10x.s

RCU_CTC_IRQHandler 0000001A

Symbol: RCU_CTC_IRQHandler
   Definitions
      At line 289 in file ..\..\Firmware\CMSIS\GD\GD32C10x\Source\ARM\startup_g
d32c10x.s
   Uses
      At line 90 in file ..\..\Firmware\CMSIS\GD\GD32C10x\Source\ARM\startup_gd
32c10x.s
      At line 223 in file ..\..\Firmware\CMSIS\GD\GD32C10x\Source\ARM\startup_g
d32c10x.s

RTC_Alarm_IRQHandler 0000001A

Symbol: RTC_Alarm_IRQHandler
   Definitions
      At line 325 in file ..\..\Firmware\CMSIS\GD\GD32C10x\Source\ARM\startup_g
d32c10x.s
   Uses
      At line 126 in file ..\..\Firmware\CMSIS\GD\GD32C10x\Source\ARM\startup_g
d32c10x.s



ARM Macro Assembler    Page 10 Alphabetic symbol ordering
Relocatable symbols

      At line 259 in file ..\..\Firmware\CMSIS\GD\GD32C10x\Source\ARM\startup_g
d32c10x.s

RTC_IRQHandler 0000001A

Symbol: RTC_IRQHandler
   Definitions
      At line 287 in file ..\..\Firmware\CMSIS\GD\GD32C10x\Source\ARM\startup_g
d32c10x.s
   Uses
      At line 88 in file ..\..\Firmware\CMSIS\GD\GD32C10x\Source\ARM\startup_gd
32c10x.s
      At line 221 in file ..\..\Firmware\CMSIS\GD\GD32C10x\Source\ARM\startup_g
d32c10x.s

Reset_Handler 00000000

Symbol: Reset_Handler
   Definitions
      At line 161 in file ..\..\Firmware\CMSIS\GD\GD32C10x\Source\ARM\startup_g
d32c10x.s
   Uses
      At line 68 in file ..\..\Firmware\CMSIS\GD\GD32C10x\Source\ARM\startup_gd
32c10x.s
      At line 162 in file ..\..\Firmware\CMSIS\GD\GD32C10x\Source\ARM\startup_g
d32c10x.s

SPI0_IRQHandler 0000001A

Symbol: SPI0_IRQHandler
   Definitions
      At line 319 in file ..\..\Firmware\CMSIS\GD\GD32C10x\Source\ARM\startup_g
d32c10x.s
   Uses
      At line 120 in file ..\..\Firmware\CMSIS\GD\GD32C10x\Source\ARM\startup_g
d32c10x.s
      At line 253 in file ..\..\Firmware\CMSIS\GD\GD32C10x\Source\ARM\startup_g
d32c10x.s

SPI1_IRQHandler 0000001A

Symbol: SPI1_IRQHandler
   Definitions
      At line 320 in file ..\..\Firmware\CMSIS\GD\GD32C10x\Source\ARM\startup_g
d32c10x.s
   Uses
      At line 121 in file ..\..\Firmware\CMSIS\GD\GD32C10x\Source\ARM\startup_g
d32c10x.s
      At line 254 in file ..\..\Firmware\CMSIS\GD\GD32C10x\Source\ARM\startup_g
d32c10x.s

SPI2_IRQHandler 0000001A

Symbol: SPI2_IRQHandler
   Definitions
      At line 333 in file ..\..\Firmware\CMSIS\GD\GD32C10x\Source\ARM\startup_g
d32c10x.s
   Uses
      At line 136 in file ..\..\Firmware\CMSIS\GD\GD32C10x\Source\ARM\startup_g



ARM Macro Assembler    Page 11 Alphabetic symbol ordering
Relocatable symbols

d32c10x.s
      At line 267 in file ..\..\Firmware\CMSIS\GD\GD32C10x\Source\ARM\startup_g
d32c10x.s

SVC_Handler 00000012

Symbol: SVC_Handler
   Definitions
      At line 196 in file ..\..\Firmware\CMSIS\GD\GD32C10x\Source\ARM\startup_g
d32c10x.s
   Uses
      At line 78 in file ..\..\Firmware\CMSIS\GD\GD32C10x\Source\ARM\startup_gd
32c10x.s
      At line 197 in file ..\..\Firmware\CMSIS\GD\GD32C10x\Source\ARM\startup_g
d32c10x.s

SysTick_Handler 00000018

Symbol: SysTick_Handler
   Definitions
      At line 211 in file ..\..\Firmware\CMSIS\GD\GD32C10x\Source\ARM\startup_g
d32c10x.s
   Uses
      At line 82 in file ..\..\Firmware\CMSIS\GD\GD32C10x\Source\ARM\startup_gd
32c10x.s
      At line 212 in file ..\..\Firmware\CMSIS\GD\GD32C10x\Source\ARM\startup_g
d32c10x.s

TAMPER_IRQHandler 0000001A

Symbol: TAMPER_IRQHandler
   Definitions
      At line 286 in file ..\..\Firmware\CMSIS\GD\GD32C10x\Source\ARM\startup_g
d32c10x.s
   Uses
      At line 87 in file ..\..\Firmware\CMSIS\GD\GD32C10x\Source\ARM\startup_gd
32c10x.s
      At line 220 in file ..\..\Firmware\CMSIS\GD\GD32C10x\Source\ARM\startup_g
d32c10x.s

TIMER0_BRK_TIMER8_IRQHandler 0000001A

Symbol: TIMER0_BRK_TIMER8_IRQHandler
   Definitions
      At line 308 in file ..\..\Firmware\CMSIS\GD\GD32C10x\Source\ARM\startup_g
d32c10x.s
   Uses
      At line 109 in file ..\..\Firmware\CMSIS\GD\GD32C10x\Source\ARM\startup_g
d32c10x.s
      At line 242 in file ..\..\Firmware\CMSIS\GD\GD32C10x\Source\ARM\startup_g
d32c10x.s

TIMER0_Channel_IRQHandler 0000001A

Symbol: TIMER0_Channel_IRQHandler
   Definitions
      At line 311 in file ..\..\Firmware\CMSIS\GD\GD32C10x\Source\ARM\startup_g
d32c10x.s
   Uses



ARM Macro Assembler    Page 12 Alphabetic symbol ordering
Relocatable symbols

      At line 112 in file ..\..\Firmware\CMSIS\GD\GD32C10x\Source\ARM\startup_g
d32c10x.s
      At line 245 in file ..\..\Firmware\CMSIS\GD\GD32C10x\Source\ARM\startup_g
d32c10x.s

TIMER0_TRG_CMT_TIMER10_IRQHandler 0000001A

Symbol: TIMER0_TRG_CMT_TIMER10_IRQHandler
   Definitions
      At line 310 in file ..\..\Firmware\CMSIS\GD\GD32C10x\Source\ARM\startup_g
d32c10x.s
   Uses
      At line 111 in file ..\..\Firmware\CMSIS\GD\GD32C10x\Source\ARM\startup_g
d32c10x.s
      At line 244 in file ..\..\Firmware\CMSIS\GD\GD32C10x\Source\ARM\startup_g
d32c10x.s

TIMER0_UP_TIMER9_IRQHandler 0000001A

Symbol: TIMER0_UP_TIMER9_IRQHandler
   Definitions
      At line 309 in file ..\..\Firmware\CMSIS\GD\GD32C10x\Source\ARM\startup_g
d32c10x.s
   Uses
      At line 110 in file ..\..\Firmware\CMSIS\GD\GD32C10x\Source\ARM\startup_g
d32c10x.s
      At line 243 in file ..\..\Firmware\CMSIS\GD\GD32C10x\Source\ARM\startup_g
d32c10x.s

TIMER1_IRQHandler 0000001A

Symbol: TIMER1_IRQHandler
   Definitions
      At line 312 in file ..\..\Firmware\CMSIS\GD\GD32C10x\Source\ARM\startup_g
d32c10x.s
   Uses
      At line 113 in file ..\..\Firmware\CMSIS\GD\GD32C10x\Source\ARM\startup_g
d32c10x.s
      At line 246 in file ..\..\Firmware\CMSIS\GD\GD32C10x\Source\ARM\startup_g
d32c10x.s

TIMER2_IRQHandler 0000001A

Symbol: TIMER2_IRQHandler
   Definitions
      At line 313 in file ..\..\Firmware\CMSIS\GD\GD32C10x\Source\ARM\startup_g
d32c10x.s
   Uses
      At line 114 in file ..\..\Firmware\CMSIS\GD\GD32C10x\Source\ARM\startup_g
d32c10x.s
      At line 247 in file ..\..\Firmware\CMSIS\GD\GD32C10x\Source\ARM\startup_g
d32c10x.s

TIMER3_IRQHandler 0000001A

Symbol: TIMER3_IRQHandler
   Definitions
      At line 314 in file ..\..\Firmware\CMSIS\GD\GD32C10x\Source\ARM\startup_g
d32c10x.s



ARM Macro Assembler    Page 13 Alphabetic symbol ordering
Relocatable symbols

   Uses
      At line 115 in file ..\..\Firmware\CMSIS\GD\GD32C10x\Source\ARM\startup_g
d32c10x.s
      At line 248 in file ..\..\Firmware\CMSIS\GD\GD32C10x\Source\ARM\startup_g
d32c10x.s

TIMER4_IRQHandler 0000001A

Symbol: TIMER4_IRQHandler
   Definitions
      At line 332 in file ..\..\Firmware\CMSIS\GD\GD32C10x\Source\ARM\startup_g
d32c10x.s
   Uses
      At line 135 in file ..\..\Firmware\CMSIS\GD\GD32C10x\Source\ARM\startup_g
d32c10x.s
      At line 266 in file ..\..\Firmware\CMSIS\GD\GD32C10x\Source\ARM\startup_g
d32c10x.s

TIMER5_IRQHandler 0000001A

Symbol: TIMER5_IRQHandler
   Definitions
      At line 336 in file ..\..\Firmware\CMSIS\GD\GD32C10x\Source\ARM\startup_g
d32c10x.s
   Uses
      At line 139 in file ..\..\Firmware\CMSIS\GD\GD32C10x\Source\ARM\startup_g
d32c10x.s
      At line 270 in file ..\..\Firmware\CMSIS\GD\GD32C10x\Source\ARM\startup_g
d32c10x.s

TIMER6_IRQHandler 0000001A

Symbol: TIMER6_IRQHandler
   Definitions
      At line 337 in file ..\..\Firmware\CMSIS\GD\GD32C10x\Source\ARM\startup_g
d32c10x.s
   Uses
      At line 140 in file ..\..\Firmware\CMSIS\GD\GD32C10x\Source\ARM\startup_g
d32c10x.s
      At line 271 in file ..\..\Firmware\CMSIS\GD\GD32C10x\Source\ARM\startup_g
d32c10x.s

TIMER7_BRK_TIMER11_IRQHandler 0000001A

Symbol: TIMER7_BRK_TIMER11_IRQHandler
   Definitions
      At line 327 in file ..\..\Firmware\CMSIS\GD\GD32C10x\Source\ARM\startup_g
d32c10x.s
   Uses
      At line 128 in file ..\..\Firmware\CMSIS\GD\GD32C10x\Source\ARM\startup_g
d32c10x.s
      At line 261 in file ..\..\Firmware\CMSIS\GD\GD32C10x\Source\ARM\startup_g
d32c10x.s

TIMER7_Channel_IRQHandler 0000001A

Symbol: TIMER7_Channel_IRQHandler
   Definitions
      At line 330 in file ..\..\Firmware\CMSIS\GD\GD32C10x\Source\ARM\startup_g



ARM Macro Assembler    Page 14 Alphabetic symbol ordering
Relocatable symbols

d32c10x.s
   Uses
      At line 131 in file ..\..\Firmware\CMSIS\GD\GD32C10x\Source\ARM\startup_g
d32c10x.s
      At line 264 in file ..\..\Firmware\CMSIS\GD\GD32C10x\Source\ARM\startup_g
d32c10x.s

TIMER7_TRG_CMT_TIMER13_IRQHandler 0000001A

Symbol: TIMER7_TRG_CMT_TIMER13_IRQHandler
   Definitions
      At line 329 in file ..\..\Firmware\CMSIS\GD\GD32C10x\Source\ARM\startup_g
d32c10x.s
   Uses
      At line 130 in file ..\..\Firmware\CMSIS\GD\GD32C10x\Source\ARM\startup_g
d32c10x.s
      At line 263 in file ..\..\Firmware\CMSIS\GD\GD32C10x\Source\ARM\startup_g
d32c10x.s

TIMER7_UP_TIMER12_IRQHandler 0000001A

Symbol: TIMER7_UP_TIMER12_IRQHandler
   Definitions
      At line 328 in file ..\..\Firmware\CMSIS\GD\GD32C10x\Source\ARM\startup_g
d32c10x.s
   Uses
      At line 129 in file ..\..\Firmware\CMSIS\GD\GD32C10x\Source\ARM\startup_g
d32c10x.s
      At line 262 in file ..\..\Firmware\CMSIS\GD\GD32C10x\Source\ARM\startup_g
d32c10x.s

UART3_IRQHandler 0000001A

Symbol: UART3_IRQHandler
   Definitions
      At line 334 in file ..\..\Firmware\CMSIS\GD\GD32C10x\Source\ARM\startup_g
d32c10x.s
   Uses
      At line 137 in file ..\..\Firmware\CMSIS\GD\GD32C10x\Source\ARM\startup_g
d32c10x.s
      At line 268 in file ..\..\Firmware\CMSIS\GD\GD32C10x\Source\ARM\startup_g
d32c10x.s

UART4_IRQHandler 0000001A

Symbol: UART4_IRQHandler
   Definitions
      At line 335 in file ..\..\Firmware\CMSIS\GD\GD32C10x\Source\ARM\startup_g
d32c10x.s
   Uses
      At line 138 in file ..\..\Firmware\CMSIS\GD\GD32C10x\Source\ARM\startup_g
d32c10x.s
      At line 269 in file ..\..\Firmware\CMSIS\GD\GD32C10x\Source\ARM\startup_g
d32c10x.s

USART0_IRQHandler 0000001A

Symbol: USART0_IRQHandler
   Definitions



ARM Macro Assembler    Page 15 Alphabetic symbol ordering
Relocatable symbols

      At line 321 in file ..\..\Firmware\CMSIS\GD\GD32C10x\Source\ARM\startup_g
d32c10x.s
   Uses
      At line 122 in file ..\..\Firmware\CMSIS\GD\GD32C10x\Source\ARM\startup_g
d32c10x.s
      At line 255 in file ..\..\Firmware\CMSIS\GD\GD32C10x\Source\ARM\startup_g
d32c10x.s

USART1_IRQHandler 0000001A

Symbol: USART1_IRQHandler
   Definitions
      At line 322 in file ..\..\Firmware\CMSIS\GD\GD32C10x\Source\ARM\startup_g
d32c10x.s
   Uses
      At line 123 in file ..\..\Firmware\CMSIS\GD\GD32C10x\Source\ARM\startup_g
d32c10x.s
      At line 256 in file ..\..\Firmware\CMSIS\GD\GD32C10x\Source\ARM\startup_g
d32c10x.s

USART2_IRQHandler 0000001A

Symbol: USART2_IRQHandler
   Definitions
      At line 323 in file ..\..\Firmware\CMSIS\GD\GD32C10x\Source\ARM\startup_g
d32c10x.s
   Uses
      At line 124 in file ..\..\Firmware\CMSIS\GD\GD32C10x\Source\ARM\startup_g
d32c10x.s
      At line 257 in file ..\..\Firmware\CMSIS\GD\GD32C10x\Source\ARM\startup_g
d32c10x.s

USBFS_IRQHandler 0000001A

Symbol: USBFS_IRQHandler
   Definitions
      At line 347 in file ..\..\Firmware\CMSIS\GD\GD32C10x\Source\ARM\startup_g
d32c10x.s
   Uses
      At line 152 in file ..\..\Firmware\CMSIS\GD\GD32C10x\Source\ARM\startup_g
d32c10x.s
      At line 281 in file ..\..\Firmware\CMSIS\GD\GD32C10x\Source\ARM\startup_g
d32c10x.s

USBFS_WKUP_IRQHandler 0000001A

Symbol: USBFS_WKUP_IRQHandler
   Definitions
      At line 326 in file ..\..\Firmware\CMSIS\GD\GD32C10x\Source\ARM\startup_g
d32c10x.s
   Uses
      At line 127 in file ..\..\Firmware\CMSIS\GD\GD32C10x\Source\ARM\startup_g
d32c10x.s
      At line 260 in file ..\..\Firmware\CMSIS\GD\GD32C10x\Source\ARM\startup_g
d32c10x.s

UsageFault_Handler 00000010

Symbol: UsageFault_Handler



ARM Macro Assembler    Page 16 Alphabetic symbol ordering
Relocatable symbols

   Definitions
      At line 192 in file ..\..\Firmware\CMSIS\GD\GD32C10x\Source\ARM\startup_g
d32c10x.s
   Uses
      At line 73 in file ..\..\Firmware\CMSIS\GD\GD32C10x\Source\ARM\startup_gd
32c10x.s
      At line 193 in file ..\..\Firmware\CMSIS\GD\GD32C10x\Source\ARM\startup_g
d32c10x.s

WWDGT_IRQHandler 0000001A

Symbol: WWDGT_IRQHandler
   Definitions
      At line 284 in file ..\..\Firmware\CMSIS\GD\GD32C10x\Source\ARM\startup_g
d32c10x.s
   Uses
      At line 85 in file ..\..\Firmware\CMSIS\GD\GD32C10x\Source\ARM\startup_gd
32c10x.s
      At line 218 in file ..\..\Firmware\CMSIS\GD\GD32C10x\Source\ARM\startup_g
d32c10x.s

__user_initial_stackheap 0000001C

Symbol: __user_initial_stackheap
   Definitions
      At line 367 in file ..\..\Firmware\CMSIS\GD\GD32C10x\Source\ARM\startup_g
d32c10x.s
   Uses
      At line 365 in file ..\..\Firmware\CMSIS\GD\GD32C10x\Source\ARM\startup_g
d32c10x.s
Comment: __user_initial_stackheap used once
77 symbols



ARM Macro Assembler    Page 1 Alphabetic symbol ordering
Absolute symbols

Heap_Size 00000400

Symbol: Heap_Size
   Definitions
      At line 51 in file ..\..\Firmware\CMSIS\GD\GD32C10x\Source\ARM\startup_gd
32c10x.s
   Uses
      At line 55 in file ..\..\Firmware\CMSIS\GD\GD32C10x\Source\ARM\startup_gd
32c10x.s
      At line 370 in file ..\..\Firmware\CMSIS\GD\GD32C10x\Source\ARM\startup_g
d32c10x.s

Stack_Size 00000400

Symbol: Stack_Size
   Definitions
      At line 40 in file ..\..\Firmware\CMSIS\GD\GD32C10x\Source\ARM\startup_gd
32c10x.s
   Uses
      At line 43 in file ..\..\Firmware\CMSIS\GD\GD32C10x\Source\ARM\startup_gd
32c10x.s
      At line 369 in file ..\..\Firmware\CMSIS\GD\GD32C10x\Source\ARM\startup_g
d32c10x.s

__Vectors_Size 00000150

Symbol: __Vectors_Size
   Definitions
      At line 156 in file ..\..\Firmware\CMSIS\GD\GD32C10x\Source\ARM\startup_g
d32c10x.s
   Uses
      At line 65 in file ..\..\Firmware\CMSIS\GD\GD32C10x\Source\ARM\startup_gd
32c10x.s
Comment: __Vectors_Size used once
3 symbols



ARM Macro Assembler    Page 1 Alphabetic symbol ordering
External symbols

SystemInit 00000000

Symbol: SystemInit
   Definitions
      At line 163 in file ..\..\Firmware\CMSIS\GD\GD32C10x\Source\ARM\startup_g
d32c10x.s
   Uses
      At line 165 in file ..\..\Firmware\CMSIS\GD\GD32C10x\Source\ARM\startup_g
d32c10x.s
Comment: SystemInit used once
__main 00000000

Symbol: __main
   Definitions
      At line 164 in file ..\..\Firmware\CMSIS\GD\GD32C10x\Source\ARM\startup_g
d32c10x.s
   Uses
      At line 167 in file ..\..\Firmware\CMSIS\GD\GD32C10x\Source\ARM\startup_g
d32c10x.s
Comment: __main used once
__use_two_region_memory 00000000

Symbol: __use_two_region_memory
   Definitions
      At line 364 in file ..\..\Firmware\CMSIS\GD\GD32C10x\Source\ARM\startup_g
d32c10x.s
   Uses
      None
Comment: __use_two_region_memory unused
3 symbols
431 symbols in table
